{"/home/artmary/www/97-learn/cli3/mary-default/src/shims-tsx.d.ts": {"path":"/home/artmary/www/97-learn/cli3/mary-default/src/shims-tsx.d.ts","statementMap":{},"fnMap":{},"branchMap":{},"s":{},"f":{},"b":{}}
,"/home/artmary/www/97-learn/cli3/mary-default/src/shims-vue.d.ts": {"path":"/home/artmary/www/97-learn/cli3/mary-default/src/shims-vue.d.ts","statementMap":{},"fnMap":{},"branchMap":{},"s":{},"f":{},"b":{}}
,"/home/artmary/www/97-learn/cli3/mary-default/src/components/HelloWorld.vue": {"path":"/home/artmary/www/97-learn/cli3/mary-default/src/components/HelloWorld.vue","statementMap":{"0":{"start":{"line":37,"column":0},"end":{"line":null,"column":-1}},"1":{"start":{"line":40,"column":0},"end":{"line":null,"column":-1}},"2":{"start":{"line":41,"column":0},"end":{"line":null,"column":-1}}},"fnMap":{},"branchMap":{},"s":{"0":1,"1":2,"2":1},"f":{},"b":{}}
,"/home/artmary/www/97-learn/cli3/mary-default/src/views/Home.vue": {"path":"/home/artmary/www/97-learn/cli3/mary-default/src/views/Home.vue","statementMap":{"0":{"start":{"line":9,"column":0},"end":{"line":null,"column":-1}},"1":{"start":{"line":10,"column":0},"end":{"line":null,"column":-1}},"2":{"start":{"line":17,"column":0},"end":{"line":null,"column":-1}},"3":{"start":{"line":17,"column":0},"end":{"line":12,"column":0}}},"fnMap":{},"branchMap":{},"s":{"0":0,"1":0,"2":0,"3":0},"f":{},"b":{}}
}
