TN:
SF:/home/artmary/www/97-learn/cli3/mary-default/src/shims-tsx.d.ts
FNF:0
FNH:0
LF:0
LH:0
BRF:0
BRH:0
end_of_record
TN:
SF:/home/artmary/www/97-learn/cli3/mary-default/src/shims-vue.d.ts
FNF:0
FNH:0
LF:0
LH:0
BRF:0
BRH:0
end_of_record
TN:
SF:/home/artmary/www/97-learn/cli3/mary-default/src/components/HelloWorld.vue
FNF:0
FNH:0
DA:37,1
DA:40,2
DA:41,1
LF:3
LH:3
BRF:0
BRH:0
end_of_record
TN:
SF:/home/artmary/www/97-learn/cli3/mary-default/src/views/Home.vue
FNF:0
FNH:0
DA:9,0
DA:10,0
DA:17,0
LF:3
LH:0
BRF:0
BRH:0
end_of_record
